<?xml version="1.0" encoding="UTF-8"?>
<!-- Generated by org.testng.reporters.JUnitReportReporter -->
<testsuite name="naresh.localwork.App" tests="1" time="82.297" ignored="0" failures="0" timestamp="16 Feb 2017 09:46:40 GMT" skipped="0" hostname="NBLAP179" errors="0">
  <testcase name="Sample" time="82.297" classname="naresh.localwork.App"/>
</testsuite> <!-- naresh.localwork.App -->
